<?xml version="1.0" encoding="UTF-8"?>
<!-- Generated by org.testng.reporters.JUnitReportReporter -->
<testsuite hostname="akshay-Latitude-7490" failures="0" tests="3" name="testng.parallel.ParallelTestMethods" time="15.678" errors="0" timestamp="2023-06-23T10:14:57 IST" skipped="0">
  <testcase classname="testng.parallel.ParallelTestMethods" name="executeSessionTwo" time="4.785"/>
  <testcase classname="testng.parallel.ParallelTestMethods" name="executSessionOne" time="5.598"/>
  <testcase classname="testng.parallel.ParallelTestMethods" name="executSessionThree" time="5.295"/>
</testsuite> <!-- testng.parallel.ParallelTestMethods -->
