<?xml version="1.0" encoding="UTF-8"?>
<!-- Generated by org.testng.reporters.JUnitReportReporter -->
<testsuite hostname="akshay-Latitude-7490" failures="0" tests="3" name="testng.parallel.MethodTesting" time="74.146" errors="0" timestamp="2023-06-23T11:34:15 IST" skipped="0">
  <testcase classname="testng.parallel.MethodTesting" name="executeSessionTwo" time="24.526"/>
  <testcase classname="testng.parallel.MethodTesting" name="executSessionOne" time="24.870"/>
  <testcase classname="testng.parallel.MethodTesting" name="executSessionThree" time="24.750"/>
</testsuite> <!-- testng.parallel.MethodTesting -->
