<?xml version="1.0" encoding="UTF-8"?>
<!-- Generated by org.testng.reporters.JUnitReportReporter -->
<testsuite hostname="akshay-Latitude-7490" failures="0" tests="2" name="testng.asserts.HardAssertion" time="0.022" errors="0" timestamp="2023-06-23T12:12:05 IST" skipped="0">
  <testcase classname="testng.asserts.HardAssertion" name="test1" time="0.020"/>
  <testcase classname="testng.asserts.HardAssertion" name="test2" time="0.002"/>
</testsuite> <!-- testng.asserts.HardAssertion -->
