<?xml version="1.0" encoding="UTF-8"?>
<!-- Generated by org.testng.reporters.JUnitReportReporter -->
<testsuite hostname="akshay-Latitude-7490" failures="0" tests="2" name="testng.parallel.TestParallelClassTwo" time="0.008" errors="0" timestamp="2023-06-23T09:52:41 IST" skipped="0">
  <testcase classname="testng.parallel.TestParallelClassTwo" name="testCaseOne" time="0.007"/>
  <testcase classname="testng.parallel.TestParallelClassTwo" name="testCaseTwo" time="0.001"/>
</testsuite> <!-- testng.parallel.TestParallelClassTwo -->
