<?xml version="1.0" encoding="UTF-8"?>
<!-- Generated by org.testng.reporters.JUnitReportReporter -->
<testsuite hostname="akshay-Latitude-7490" failures="0" tests="1" name="testng.asserts.TestAssertion" time="4.702" errors="0" timestamp="2023-06-23T12:54:41 IST" skipped="0">
  <testcase classname="testng.asserts.TestAssertion" name="testNGAsserts" time="4.702"/>
</testsuite> <!-- testng.asserts.TestAssertion -->
