<?xml version="1.0" encoding="UTF-8"?>
<!-- Generated by org.testng.reporters.JUnitReportReporter -->
<testsuite hostname="akshay-Latitude-7490" failures="0" tests="5" name="testing.coms.practice_project_2_15" time="49.859" errors="0" timestamp="2023-07-05T16:57:29 IST" skipped="0">
  <testcase classname="testing.coms.practice_project_2_15" name="conn" time="2.649"/>
  <testcase classname="testing.coms.practice_project_2_15" name="signin" time="14.353"/>
  <testcase classname="testing.coms.practice_project_2_15" name="SearchWatch" time="15.517"/>
  <testcase classname="testing.coms.practice_project_2_15" name="Uart" time="17.210"/>
  <testcase classname="testing.coms.practice_project_2_15" name="end" time="0.130"/>
</testsuite> <!-- testing.coms.practice_project_2_15 -->
