<?xml version="1.0" encoding="UTF-8"?>
<!-- Generated by org.testng.reporters.JUnitReportReporter -->
<testsuite hostname="akshay-Latitude-7490" failures="0" tests="2" name="testing.coms.AmazonTest" time="32.421" errors="0" timestamp="2023-06-22T12:44:31 IST" skipped="0">
  <testcase classname="testing.coms.AmazonTest" name="SearchWatch" time="12.969"/>
  <testcase classname="testing.coms.AmazonTest" name="Uart" time="19.452"/>
</testsuite> <!-- testing.coms.AmazonTest -->
