<?xml version="1.0" encoding="UTF-8"?>
<!-- Generated by org.testng.reporters.JUnitReportReporter -->
<testsuite hostname="akshay-Latitude-7490" failures="0" tests="1" name="testng.annotations.AnnotationPrograms" time="0.002" errors="0" timestamp="2023-06-21T13:01:09 IST" skipped="0">
  <testcase classname="testng.annotations.AnnotationPrograms" name="testCase1" time="0.002"/>
</testsuite> <!-- testng.annotations.AnnotationPrograms -->
