<?xml version="1.0" encoding="UTF-8"?>
<!-- Generated by org.testng.reporters.JUnitReportReporter -->
<testsuite hostname="akshay-Latitude-7490" failures="0" tests="1" name="testng.asserts.TestAssertion_hard" time="3.697" errors="0" timestamp="2023-06-23T13:13:20 IST" skipped="0">
  <testcase classname="testng.asserts.TestAssertion_hard" name="testNGAsserts" time="3.697"/>
</testsuite> <!-- testng.asserts.TestAssertion_hard -->
